This file contains any messages produced by compilers while
running configure, to aid debugging if configure makes a mistake.

It was created by Protocol Buffers configure 2.3.0, which was
generated by GNU Autoconf 2.69.  Invocation command line was

  $ ./configure --libdir=/usr/lib64 --includedir=/usr/include --no-create --no-recursion

## --------- ##
## Platform. ##
## --------- ##

hostname = 01aebb9e9793
uname -m = x86_64
uname -r = 4.4.76-1-default
uname -s = Linux
uname -v = #1 SMP Fri Jul 14 08:48:13 UTC 2017 (9a2885c)

/usr/bin/uname -p = x86_64
/bin/uname -X     = unknown

/bin/arch              = x86_64
/usr/bin/arch -k       = unknown
/usr/convex/getsysinfo = unknown
/usr/bin/hostinfo      = unknown
/bin/machine           = unknown
/usr/bin/oslevel       = unknown
/bin/universe          = unknown

PATH: /usr/local/sbin
PATH: /usr/local/bin
PATH: /usr/sbin
PATH: /usr/bin
PATH: /sbin
PATH: /bin


## ----------- ##
## Core tests. ##
## ----------- ##

configure:2644: checking build system type
configure:2658: result: x86_64-unknown-linux-gnu
configure:2678: checking host system type
configure:2691: result: x86_64-unknown-linux-gnu
configure:2711: checking target system type
configure:2724: result: x86_64-unknown-linux-gnu
configure:2767: checking for a BSD-compatible install
configure:2835: result: /usr/bin/install -c
configure:2846: checking whether build environment is sane
configure:2883: result: yes
configure:2908: checking for a thread-safe mkdir -p
configure:2947: result: /usr/bin/mkdir -p
configure:2960: checking for gawk
configure:2976: found /usr/bin/gawk
configure:2987: result: gawk
configure:2998: checking whether make sets $(MAKE)
configure:3020: result: yes
configure:3270: checking for gcc
configure:3286: found /usr/bin/gcc
configure:3297: result: gcc
configure:3526: checking for C compiler version
configure:3535: gcc --version >&5
gcc (SUSE Linux) 4.8.5
Copyright (C) 2015 Free Software Foundation, Inc.
This is free software; see the source for copying conditions.  There is NO
warranty; not even for MERCHANTABILITY or FITNESS FOR A PARTICULAR PURPOSE.

configure:3546: $? = 0
configure:3535: gcc -v >&5
Using built-in specs.
COLLECT_GCC=gcc
COLLECT_LTO_WRAPPER=/usr/lib64/gcc/x86_64-suse-linux/4.8/lto-wrapper
Target: x86_64-suse-linux
Configured with: ../configure --prefix=/usr --infodir=/usr/share/info --mandir=/usr/share/man --libdir=/usr/lib64 --libexecdir=/usr/lib64 --enable-languages=c,c++,objc,fortran,obj-c++,java,ada --enable-checking=release --with-gxx-include-dir=/usr/include/c++/4.8 --enable-ssp --disable-libssp --disable-plugin --with-bugurl=http://bugs.opensuse.org/ --with-pkgversion='SUSE Linux' --disable-libgcj --disable-libmudflap --with-slibdir=/lib64 --with-system-zlib --enable-__cxa_atexit --enable-libstdcxx-allocator=new --disable-libstdcxx-pch --enable-version-specific-runtime-libs --enable-linker-build-id --enable-linux-futex --program-suffix=-4.8 --without-system-libunwind --with-arch-32=i586 --with-tune=generic --build=x86_64-suse-linux --host=x86_64-suse-linux
Thread model: posix
gcc version 4.8.5 (SUSE Linux) 
configure:3546: $? = 0
configure:3535: gcc -V >&5
gcc: error: unrecognized command line option '-V'
gcc: fatal error: no input files
compilation terminated.
configure:3546: $? = 1
configure:3535: gcc -qversion >&5
gcc: error: unrecognized command line option '-qversion'
gcc: fatal error: no input files
compilation terminated.
configure:3546: $? = 1
configure:3566: checking whether the C compiler works
configure:3588: gcc    conftest.c  >&5
configure:3592: $? = 0
configure:3640: result: yes
configure:3643: checking for C compiler default output file name
configure:3645: result: a.out
configure:3651: checking for suffix of executables
configure:3658: gcc -o conftest    conftest.c  >&5
configure:3662: $? = 0
configure:3684: result: 
configure:3706: checking whether we are cross compiling
configure:3714: gcc -o conftest    conftest.c  >&5
configure:3718: $? = 0
configure:3725: ./conftest
configure:3729: $? = 0
configure:3744: result: no
configure:3749: checking for suffix of object files
configure:3771: gcc -c   conftest.c >&5
configure:3775: $? = 0
configure:3796: result: o
configure:3800: checking whether we are using the GNU C compiler
configure:3819: gcc -c   conftest.c >&5
configure:3819: $? = 0
configure:3828: result: yes
configure:3837: checking whether gcc accepts -g
configure:3857: gcc -c -g  conftest.c >&5
configure:3857: $? = 0
configure:3898: result: yes
configure:3915: checking for gcc option to accept ISO C89
configure:3978: gcc  -c   conftest.c >&5
configure:3978: $? = 0
configure:3991: result: none needed
configure:4022: checking for style of include used by make
configure:4050: result: GNU
configure:4075: checking dependency style of gcc
configure:4166: result: gcc3
configure:4239: checking for g++
configure:4255: found /usr/bin/g++
configure:4266: result: g++
configure:4293: checking for C++ compiler version
configure:4302: g++ --version >&5
g++ (SUSE Linux) 4.8.5
Copyright (C) 2015 Free Software Foundation, Inc.
This is free software; see the source for copying conditions.  There is NO
warranty; not even for MERCHANTABILITY or FITNESS FOR A PARTICULAR PURPOSE.

configure:4313: $? = 0
configure:4302: g++ -v >&5
Using built-in specs.
COLLECT_GCC=g++
COLLECT_LTO_WRAPPER=/usr/lib64/gcc/x86_64-suse-linux/4.8/lto-wrapper
Target: x86_64-suse-linux
Configured with: ../configure --prefix=/usr --infodir=/usr/share/info --mandir=/usr/share/man --libdir=/usr/lib64 --libexecdir=/usr/lib64 --enable-languages=c,c++,objc,fortran,obj-c++,java,ada --enable-checking=release --with-gxx-include-dir=/usr/include/c++/4.8 --enable-ssp --disable-libssp --disable-plugin --with-bugurl=http://bugs.opensuse.org/ --with-pkgversion='SUSE Linux' --disable-libgcj --disable-libmudflap --with-slibdir=/lib64 --with-system-zlib --enable-__cxa_atexit --enable-libstdcxx-allocator=new --disable-libstdcxx-pch --enable-version-specific-runtime-libs --enable-linker-build-id --enable-linux-futex --program-suffix=-4.8 --without-system-libunwind --with-arch-32=i586 --with-tune=generic --build=x86_64-suse-linux --host=x86_64-suse-linux
Thread model: posix
gcc version 4.8.5 (SUSE Linux) 
configure:4313: $? = 0
configure:4302: g++ -V >&5
g++: error: unrecognized command line option '-V'
g++: fatal error: no input files
compilation terminated.
configure:4313: $? = 1
configure:4302: g++ -qversion >&5
g++: error: unrecognized command line option '-qversion'
g++: fatal error: no input files
compilation terminated.
configure:4313: $? = 1
configure:4317: checking whether we are using the GNU C++ compiler
configure:4336: g++ -c   conftest.cpp >&5
configure:4336: $? = 0
configure:4345: result: yes
configure:4354: checking whether g++ accepts -g
configure:4374: g++ -c -g  conftest.cpp >&5
configure:4374: $? = 0
configure:4415: result: yes
configure:4440: checking dependency style of g++
configure:4531: result: gcc3
configure:4558: checking how to run the C++ preprocessor
configure:4585: g++ -E  conftest.cpp
configure:4585: $? = 0
configure:4599: g++ -E  conftest.cpp
conftest.cpp:11:28: fatal error: ac_nonexistent.h: No such file or directory
 #include <ac_nonexistent.h>
                            ^
compilation terminated.
configure:4599: $? = 1
configure: failed program was:
| /* confdefs.h */
| #define PACKAGE_NAME "Protocol Buffers"
| #define PACKAGE_TARNAME "protobuf"
| #define PACKAGE_VERSION "2.3.0"
| #define PACKAGE_STRING "Protocol Buffers 2.3.0"
| #define PACKAGE_BUGREPORT "protobuf@googlegroups.com"
| #define PACKAGE_URL ""
| #define PACKAGE "protobuf"
| #define VERSION "2.3.0"
| /* end confdefs.h.  */
| #include <ac_nonexistent.h>
configure:4624: result: g++ -E
configure:4644: g++ -E  conftest.cpp
configure:4644: $? = 0
configure:4658: g++ -E  conftest.cpp
conftest.cpp:11:28: fatal error: ac_nonexistent.h: No such file or directory
 #include <ac_nonexistent.h>
                            ^
compilation terminated.
configure:4658: $? = 1
configure: failed program was:
| /* confdefs.h */
| #define PACKAGE_NAME "Protocol Buffers"
| #define PACKAGE_TARNAME "protobuf"
| #define PACKAGE_VERSION "2.3.0"
| #define PACKAGE_STRING "Protocol Buffers 2.3.0"
| #define PACKAGE_BUGREPORT "protobuf@googlegroups.com"
| #define PACKAGE_URL ""
| #define PACKAGE "protobuf"
| #define VERSION "2.3.0"
| /* end confdefs.h.  */
| #include <ac_nonexistent.h>
configure:4687: checking for grep that handles long lines and -e
configure:4745: result: /usr/bin/grep
configure:4750: checking for egrep
configure:4812: result: /usr/bin/grep -E
configure:4817: checking for ANSI C header files
configure:4837: g++ -c   conftest.cpp >&5
configure:4837: $? = 0
configure:4910: g++ -o conftest    conftest.cpp  >&5
configure:4910: $? = 0
configure:4910: ./conftest
configure:4910: $? = 0
configure:4921: result: yes
configure:4934: checking for sys/types.h
configure:4934: g++ -c   conftest.cpp >&5
configure:4934: $? = 0
configure:4934: result: yes
configure:4934: checking for sys/stat.h
configure:4934: g++ -c   conftest.cpp >&5
configure:4934: $? = 0
configure:4934: result: yes
configure:4934: checking for stdlib.h
configure:4934: g++ -c   conftest.cpp >&5
configure:4934: $? = 0
configure:4934: result: yes
configure:4934: checking for string.h
configure:4934: g++ -c   conftest.cpp >&5
configure:4934: $? = 0
configure:4934: result: yes
configure:4934: checking for memory.h
configure:4934: g++ -c   conftest.cpp >&5
configure:4934: $? = 0
configure:4934: result: yes
configure:4934: checking for strings.h
configure:4934: g++ -c   conftest.cpp >&5
configure:4934: $? = 0
configure:4934: result: yes
configure:4934: checking for inttypes.h
configure:4934: g++ -c   conftest.cpp >&5
configure:4934: $? = 0
configure:4934: result: yes
configure:4934: checking for stdint.h
configure:4934: g++ -c   conftest.cpp >&5
configure:4934: $? = 0
configure:4934: result: yes
configure:4934: checking for unistd.h
configure:4934: g++ -c   conftest.cpp >&5
configure:4934: $? = 0
configure:4934: result: yes
configure:4947: checking minix/config.h usability
configure:4947: g++ -c   conftest.cpp >&5
conftest.cpp:54:26: fatal error: minix/config.h: No such file or directory
 #include <minix/config.h>
                          ^
compilation terminated.
configure:4947: $? = 1
configure: failed program was:
| /* confdefs.h */
| #define PACKAGE_NAME "Protocol Buffers"
| #define PACKAGE_TARNAME "protobuf"
| #define PACKAGE_VERSION "2.3.0"
| #define PACKAGE_STRING "Protocol Buffers 2.3.0"
| #define PACKAGE_BUGREPORT "protobuf@googlegroups.com"
| #define PACKAGE_URL ""
| #define PACKAGE "protobuf"
| #define VERSION "2.3.0"
| #define STDC_HEADERS 1
| #define HAVE_SYS_TYPES_H 1
| #define HAVE_SYS_STAT_H 1
| #define HAVE_STDLIB_H 1
| #define HAVE_STRING_H 1
| #define HAVE_MEMORY_H 1
| #define HAVE_STRINGS_H 1
| #define HAVE_INTTYPES_H 1
| #define HAVE_STDINT_H 1
| #define HAVE_UNISTD_H 1
| /* end confdefs.h.  */
| #include <stdio.h>
| #ifdef HAVE_SYS_TYPES_H
| # include <sys/types.h>
| #endif
| #ifdef HAVE_SYS_STAT_H
| # include <sys/stat.h>
| #endif
| #ifdef STDC_HEADERS
| # include <stdlib.h>
| # include <stddef.h>
| #else
| # ifdef HAVE_STDLIB_H
| #  include <stdlib.h>
| # endif
| #endif
| #ifdef HAVE_STRING_H
| # if !defined STDC_HEADERS && defined HAVE_MEMORY_H
| #  include <memory.h>
| # endif
| # include <string.h>
| #endif
| #ifdef HAVE_STRINGS_H
| # include <strings.h>
| #endif
| #ifdef HAVE_INTTYPES_H
| # include <inttypes.h>
| #endif
| #ifdef HAVE_STDINT_H
| # include <stdint.h>
| #endif
| #ifdef HAVE_UNISTD_H
| # include <unistd.h>
| #endif
| #include <minix/config.h>
configure:4947: result: no
configure:4947: checking minix/config.h presence
configure:4947: g++ -E  conftest.cpp
conftest.cpp:21:26: fatal error: minix/config.h: No such file or directory
 #include <minix/config.h>
                          ^
compilation terminated.
configure:4947: $? = 1
configure: failed program was:
| /* confdefs.h */
| #define PACKAGE_NAME "Protocol Buffers"
| #define PACKAGE_TARNAME "protobuf"
| #define PACKAGE_VERSION "2.3.0"
| #define PACKAGE_STRING "Protocol Buffers 2.3.0"
| #define PACKAGE_BUGREPORT "protobuf@googlegroups.com"
| #define PACKAGE_URL ""
| #define PACKAGE "protobuf"
| #define VERSION "2.3.0"
| #define STDC_HEADERS 1
| #define HAVE_SYS_TYPES_H 1
| #define HAVE_SYS_STAT_H 1
| #define HAVE_STDLIB_H 1
| #define HAVE_STRING_H 1
| #define HAVE_MEMORY_H 1
| #define HAVE_STRINGS_H 1
| #define HAVE_INTTYPES_H 1
| #define HAVE_STDINT_H 1
| #define HAVE_UNISTD_H 1
| /* end confdefs.h.  */
| #include <minix/config.h>
configure:4947: result: no
configure:4947: checking for minix/config.h
configure:4947: result: no
configure:4968: checking whether it is safe to define __EXTENSIONS__
configure:4986: g++ -c   conftest.cpp >&5
configure:4986: $? = 0
configure:4993: result: yes
configure:5022: checking C++ compiler flags...
configure:5038: result: use default: -O2  -g -DNDEBUG
configure:5058: checking whether __SUNPRO_CC is declared
configure:5058: g++ -c  -g -DNDEBUG  conftest.cpp >&5
conftest.cpp: In function 'int main()':
conftest.cpp:64:10: error: '__SUNPRO_CC' was not declared in this scope
   (void) __SUNPRO_CC;
          ^
configure:5058: $? = 1
configure: failed program was:
| /* confdefs.h */
| #define PACKAGE_NAME "Protocol Buffers"
| #define PACKAGE_TARNAME "protobuf"
| #define PACKAGE_VERSION "2.3.0"
| #define PACKAGE_STRING "Protocol Buffers 2.3.0"
| #define PACKAGE_BUGREPORT "protobuf@googlegroups.com"
| #define PACKAGE_URL ""
| #define PACKAGE "protobuf"
| #define VERSION "2.3.0"
| #define STDC_HEADERS 1
| #define HAVE_SYS_TYPES_H 1
| #define HAVE_SYS_STAT_H 1
| #define HAVE_STDLIB_H 1
| #define HAVE_STRING_H 1
| #define HAVE_MEMORY_H 1
| #define HAVE_STRINGS_H 1
| #define HAVE_INTTYPES_H 1
| #define HAVE_STDINT_H 1
| #define HAVE_UNISTD_H 1
| #define __EXTENSIONS__ 1
| #define _ALL_SOURCE 1
| #define _GNU_SOURCE 1
| #define _POSIX_PTHREAD_SEMANTICS 1
| #define _TANDEM_SOURCE 1
| /* end confdefs.h.  */
| #include <stdio.h>
| #ifdef HAVE_SYS_TYPES_H
| # include <sys/types.h>
| #endif
| #ifdef HAVE_SYS_STAT_H
| # include <sys/stat.h>
| #endif
| #ifdef STDC_HEADERS
| # include <stdlib.h>
| # include <stddef.h>
| #else
| # ifdef HAVE_STDLIB_H
| #  include <stdlib.h>
| # endif
| #endif
| #ifdef HAVE_STRING_H
| # if !defined STDC_HEADERS && defined HAVE_MEMORY_H
| #  include <memory.h>
| # endif
| # include <string.h>
| #endif
| #ifdef HAVE_STRINGS_H
| # include <strings.h>
| #endif
| #ifdef HAVE_INTTYPES_H
| # include <inttypes.h>
| #endif
| #ifdef HAVE_STDINT_H
| # include <stdint.h>
| #endif
| #ifdef HAVE_UNISTD_H
| # include <unistd.h>
| #endif
| int
| main ()
| {
| #ifndef __SUNPRO_CC
| #ifdef __cplusplus
|   (void) __SUNPRO_CC;
| #else
|   (void) __SUNPRO_CC;
| #endif
| #endif
| 
|   ;
|   return 0;
| }
configure:5058: result: no
configure:5209: checking for a sed that does not truncate output
configure:5273: result: /usr/bin/sed
configure:5291: checking for fgrep
configure:5353: result: /usr/bin/grep -F
configure:5388: checking for ld used by gcc
configure:5455: result: /usr/x86_64-suse-linux/bin/ld
configure:5462: checking if the linker (/usr/x86_64-suse-linux/bin/ld) is GNU ld
configure:5477: result: yes
configure:5489: checking for BSD- or MS-compatible name lister (nm)
configure:5538: result: /usr/bin/nm -B
configure:5656: checking the name lister (/usr/bin/nm -B) interface
configure:5663: g++ -c  -g -DNDEBUG  conftest.cpp >&5
configure:5666: /usr/bin/nm -B "conftest.o"
configure:5669: output
0000000000000000 B some_variable
configure:5676: result: BSD nm
configure:5679: checking whether ln -s works
configure:5683: result: yes
configure:5691: checking the maximum length of command line arguments
configure:5811: result: 1572864
configure:5828: checking whether the shell understands some XSI constructs
configure:5838: result: yes
configure:5842: checking whether the shell understands "+="
configure:5848: result: yes
configure:5883: checking for /usr/x86_64-suse-linux/bin/ld option to reload object files
configure:5890: result: -r
configure:5917: checking how to recognize dependent libraries
configure:6107: result: pass_all
configure:6167: checking for ar
configure:6183: found /usr/bin/ar
configure:6194: result: ar
configure:6272: checking for strip
configure:6288: found /usr/bin/strip
configure:6299: result: strip
configure:6371: checking for ranlib
configure:6387: found /usr/bin/ranlib
configure:6398: result: ranlib
configure:6488: checking command to parse /usr/bin/nm -B output from gcc object
configure:6606: g++ -c  -g -DNDEBUG  conftest.cpp >&5
configure:6609: $? = 0
configure:6613: /usr/bin/nm -B conftest.o \| sed -n -e 's/^.*[	 ]\([ABCDGIRSTW][ABCDGIRSTW]*\)[	 ][	 ]*\([_A-Za-z][_A-Za-z0-9]*\)$/\1 \2 \2/p' \> conftest.nm
configure:6616: $? = 0
configure:6670: g++ -o conftest  -g -DNDEBUG   conftest.cpp conftstm.o >&5
configure:6673: $? = 0
configure:6711: result: ok
configure:6807: g++ -c  -g -DNDEBUG  conftest.cpp >&5
configure:6810: $? = 0
configure:7517: checking for dlfcn.h
configure:7517: g++ -c  -g -DNDEBUG  conftest.cpp >&5
configure:7517: $? = 0
configure:7517: result: yes
configure:7642: checking for C++ compiler version
configure:7651: g++ --version >&5
g++ (SUSE Linux) 4.8.5
Copyright (C) 2015 Free Software Foundation, Inc.
This is free software; see the source for copying conditions.  There is NO
warranty; not even for MERCHANTABILITY or FITNESS FOR A PARTICULAR PURPOSE.

configure:7662: $? = 0
configure:7651: g++ -v >&5
Using built-in specs.
COLLECT_GCC=g++
COLLECT_LTO_WRAPPER=/usr/lib64/gcc/x86_64-suse-linux/4.8/lto-wrapper
Target: x86_64-suse-linux
Configured with: ../configure --prefix=/usr --infodir=/usr/share/info --mandir=/usr/share/man --libdir=/usr/lib64 --libexecdir=/usr/lib64 --enable-languages=c,c++,objc,fortran,obj-c++,java,ada --enable-checking=release --with-gxx-include-dir=/usr/include/c++/4.8 --enable-ssp --disable-libssp --disable-plugin --with-bugurl=http://bugs.opensuse.org/ --with-pkgversion='SUSE Linux' --disable-libgcj --disable-libmudflap --with-slibdir=/lib64 --with-system-zlib --enable-__cxa_atexit --enable-libstdcxx-allocator=new --disable-libstdcxx-pch --enable-version-specific-runtime-libs --enable-linker-build-id --enable-linux-futex --program-suffix=-4.8 --without-system-libunwind --with-arch-32=i586 --with-tune=generic --build=x86_64-suse-linux --host=x86_64-suse-linux
Thread model: posix
gcc version 4.8.5 (SUSE Linux) 
configure:7662: $? = 0
configure:7651: g++ -V >&5
g++: error: unrecognized command line option '-V'
g++: fatal error: no input files
compilation terminated.
configure:7662: $? = 1
configure:7651: g++ -qversion >&5
g++: error: unrecognized command line option '-qversion'
g++: fatal error: no input files
compilation terminated.
configure:7662: $? = 1
configure:7666: checking whether we are using the GNU C++ compiler
configure:7694: result: yes
configure:7703: checking whether g++ accepts -g
configure:7764: result: yes
configure:7789: checking dependency style of g++
configure:7880: result: gcc3
configure:7903: checking how to run the C++ preprocessor
configure:7969: result: g++ -E
configure:7989: g++ -E  conftest.cpp
configure:7989: $? = 0
configure:8003: g++ -E  conftest.cpp
conftest.cpp:27:28: fatal error: ac_nonexistent.h: No such file or directory
 #include <ac_nonexistent.h>
                            ^
compilation terminated.
configure:8003: $? = 1
configure: failed program was:
| /* confdefs.h */
| #define PACKAGE_NAME "Protocol Buffers"
| #define PACKAGE_TARNAME "protobuf"
| #define PACKAGE_VERSION "2.3.0"
| #define PACKAGE_STRING "Protocol Buffers 2.3.0"
| #define PACKAGE_BUGREPORT "protobuf@googlegroups.com"
| #define PACKAGE_URL ""
| #define PACKAGE "protobuf"
| #define VERSION "2.3.0"
| #define STDC_HEADERS 1
| #define HAVE_SYS_TYPES_H 1
| #define HAVE_SYS_STAT_H 1
| #define HAVE_STDLIB_H 1
| #define HAVE_STRING_H 1
| #define HAVE_MEMORY_H 1
| #define HAVE_STRINGS_H 1
| #define HAVE_INTTYPES_H 1
| #define HAVE_STDINT_H 1
| #define HAVE_UNISTD_H 1
| #define __EXTENSIONS__ 1
| #define _ALL_SOURCE 1
| #define _GNU_SOURCE 1
| #define _POSIX_PTHREAD_SEMANTICS 1
| #define _TANDEM_SOURCE 1
| #define HAVE_DLFCN_H 1
| /* end confdefs.h.  */
| #include <ac_nonexistent.h>
configure:8208: checking for objdir
configure:8223: result: .libs
configure:8519: checking if gcc supports -fno-rtti -fno-exceptions
configure:8537: gcc -c   -fno-rtti -fno-exceptions conftest.c >&5
cc1: warning: command line option '-fno-rtti' is valid for C++/ObjC++ but not for C [enabled by default]
configure:8541: $? = 0
configure:8554: result: no
configure:8574: checking for gcc option to produce PIC
configure:8831: result: -fPIC -DPIC
configure:8843: checking if gcc PIC flag -fPIC -DPIC works
configure:8861: gcc -c   -fPIC -DPIC -DPIC conftest.c >&5
configure:8865: $? = 0
configure:8878: result: yes
configure:8902: checking if gcc static flag -static works
configure:8930: result: no
configure:8945: checking if gcc supports -c -o file.o
configure:8966: gcc -c   -o out/conftest2.o conftest.c >&5
configure:8970: $? = 0
configure:8992: result: yes
configure:9000: checking if gcc supports -c -o file.o
configure:9047: result: yes
configure:9080: checking whether the gcc linker (/usr/x86_64-suse-linux/bin/ld -m elf_x86_64) supports shared libraries
configure:10058: result: yes
configure:10095: checking whether -lc should be explicitly linked in
configure:10100: gcc -c   conftest.c >&5
configure:10103: $? = 0
configure:10118: gcc -shared conftest.o  -v -Wl,-soname -Wl,conftest -o conftest 2\>\&1 \| /usr/bin/grep  -lc  \>/dev/null 2\>\&1
configure:10121: $? = 0
configure:10133: result: no
configure:10297: checking dynamic linker characteristics
configure:10730: gcc -o conftest    -Wl,-rpath -Wl,/foo conftest.c  >&5
configure:10730: $? = 0
configure:10948: result: GNU/Linux ld.so
configure:11050: checking how to hardcode library paths into programs
configure:11075: result: immediate
configure:11603: checking whether stripping libraries is possible
configure:11608: result: yes
configure:11643: checking if libtool supports shared libraries
configure:11645: result: yes
configure:11648: checking whether to build shared libraries
configure:11669: result: yes
configure:11672: checking whether to build static libraries
configure:11676: result: yes
configure:11826: checking for ld used by g++
configure:11893: result: /usr/x86_64-suse-linux/bin/ld -m elf_x86_64
configure:11900: checking if the linker (/usr/x86_64-suse-linux/bin/ld -m elf_x86_64) is GNU ld
configure:11915: result: yes
configure:11970: checking whether the g++ linker (/usr/x86_64-suse-linux/bin/ld -m elf_x86_64) supports shared libraries
configure:12878: result: yes
configure:12906: g++ -c  -g -DNDEBUG  conftest.cpp >&5
configure:12909: $? = 0
configure:13091: checking for g++ option to produce PIC
configure:13400: result: -fPIC -DPIC
configure:13409: checking if g++ PIC flag -fPIC -DPIC works
configure:13427: g++ -c  -g -DNDEBUG  -fPIC -DPIC -DPIC conftest.cpp >&5
configure:13431: $? = 0
configure:13444: result: yes
configure:13465: checking if g++ static flag -static works
configure:13493: result: no
configure:13505: checking if g++ supports -c -o file.o
configure:13526: g++ -c  -g -DNDEBUG  -o out/conftest2.o conftest.cpp >&5
configure:13530: $? = 0
configure:13552: result: yes
configure:13557: checking if g++ supports -c -o file.o
configure:13604: result: yes
configure:13634: checking whether the g++ linker (/usr/x86_64-suse-linux/bin/ld -m elf_x86_64) supports shared libraries
configure:13660: result: yes
configure:13797: checking dynamic linker characteristics
configure:14178: g++ -o conftest  -g -DNDEBUG   -Wl,-rpath -Wl,/foo conftest.cpp  >&5
configure:14178: $? = 0
configure:14396: result: GNU/Linux ld.so
configure:14447: checking how to hardcode library paths into programs
configure:14472: result: immediate
configure:14532: checking for ANSI C header files
configure:14636: result: yes
configure:14647: checking fcntl.h usability
configure:14647: g++ -c  -g -DNDEBUG  conftest.cpp >&5
configure:14647: $? = 0
configure:14647: result: yes
configure:14647: checking fcntl.h presence
configure:14647: g++ -E  conftest.cpp
configure:14647: $? = 0
configure:14647: result: yes
configure:14647: checking for fcntl.h
configure:14647: result: yes
configure:14647: checking for inttypes.h
configure:14647: result: yes
configure:14647: checking limits.h usability
configure:14647: g++ -c  -g -DNDEBUG  conftest.cpp >&5
configure:14647: $? = 0
configure:14647: result: yes
configure:14647: checking limits.h presence
configure:14647: g++ -E  conftest.cpp
configure:14647: $? = 0
configure:14647: result: yes
configure:14647: checking for limits.h
configure:14647: result: yes
configure:14647: checking for stdlib.h
configure:14647: result: yes
configure:14647: checking for unistd.h
configure:14647: result: yes
configure:14659: checking for working memcmp
configure:14702: g++ -o conftest  -g -DNDEBUG   conftest.cpp  >&5
configure:14702: $? = 0
configure:14702: ./conftest
configure:14702: $? = 0
configure:14712: result: yes
configure:14721: checking for working strtod
configure:14762: g++ -o conftest  -g -DNDEBUG   conftest.cpp  >&5
conftest.cpp: In function 'int main()':
conftest.cpp:76:20: warning: deprecated conversion from string constant to 'char*' [-Wwrite-strings]
     char *string = " +69";
                    ^
conftest.cpp:87:20: warning: deprecated conversion from string constant to 'char*' [-Wwrite-strings]
     char *string = "NaN";
                    ^
configure:14762: $? = 0
configure:14762: ./conftest
configure:14762: $? = 0
configure:14772: result: yes
configure:14837: checking for ftruncate
configure:14837: g++ -o conftest  -g -DNDEBUG   conftest.cpp  >&5
configure:14837: $? = 0
configure:14837: result: yes
configure:14837: checking for memset
configure:14837: g++ -o conftest  -g -DNDEBUG   conftest.cpp  >&5
configure:14837: $? = 0
configure:14837: result: yes
configure:14837: checking for mkdir
configure:14837: g++ -o conftest  -g -DNDEBUG   conftest.cpp  >&5
configure:14837: $? = 0
configure:14837: result: yes
configure:14837: checking for strchr
configure:14837: g++ -o conftest  -g -DNDEBUG   conftest.cpp  >&5
configure:14837: $? = 0
configure:14837: result: yes
configure:14837: checking for strerror
configure:14837: g++ -o conftest  -g -DNDEBUG   conftest.cpp  >&5
configure:14837: $? = 0
configure:14837: result: yes
configure:14837: checking for strtol
configure:14837: g++ -o conftest  -g -DNDEBUG   conftest.cpp  >&5
configure:14837: $? = 0
configure:14837: result: yes
configure:14851: checking zlib version
configure:14871: g++ -c  -g -DNDEBUG  conftest.cpp >&5
configure:14871: $? = 0
configure:14873: result: ok (1.2.0.4 or later)
configure:14877: checking for library containing zlibVersion
configure:14908: g++ -o conftest  -g -DNDEBUG   conftest.cpp  >&5
/tmp/cczpSGDW.o: In function `main':
/home/DES-PWE/open/lib/protobuf/protobuf-2.3.0/conftest.cpp:51: undefined reference to `zlibVersion'
collect2: error: ld returned 1 exit status
configure:14908: $? = 1
configure: failed program was:
| /* confdefs.h */
| #define PACKAGE_NAME "Protocol Buffers"
| #define PACKAGE_TARNAME "protobuf"
| #define PACKAGE_VERSION "2.3.0"
| #define PACKAGE_STRING "Protocol Buffers 2.3.0"
| #define PACKAGE_BUGREPORT "protobuf@googlegroups.com"
| #define PACKAGE_URL ""
| #define PACKAGE "protobuf"
| #define VERSION "2.3.0"
| #define STDC_HEADERS 1
| #define HAVE_SYS_TYPES_H 1
| #define HAVE_SYS_STAT_H 1
| #define HAVE_STDLIB_H 1
| #define HAVE_STRING_H 1
| #define HAVE_MEMORY_H 1
| #define HAVE_STRINGS_H 1
| #define HAVE_INTTYPES_H 1
| #define HAVE_STDINT_H 1
| #define HAVE_UNISTD_H 1
| #define __EXTENSIONS__ 1
| #define _ALL_SOURCE 1
| #define _GNU_SOURCE 1
| #define _POSIX_PTHREAD_SEMANTICS 1
| #define _TANDEM_SOURCE 1
| #define HAVE_DLFCN_H 1
| #define LT_OBJDIR ".libs/"
| #define STDC_HEADERS 1
| #define HAVE_FCNTL_H 1
| #define HAVE_INTTYPES_H 1
| #define HAVE_LIMITS_H 1
| #define HAVE_STDLIB_H 1
| #define HAVE_UNISTD_H 1
| #define HAVE_FTRUNCATE 1
| #define HAVE_MEMSET 1
| #define HAVE_MKDIR 1
| #define HAVE_STRCHR 1
| #define HAVE_STRERROR 1
| #define HAVE_STRTOL 1
| /* end confdefs.h.  */
| 
| /* Override any GCC internal prototype to avoid an error.
|    Use char because int might match the return type of a GCC
|    builtin and then its argument prototype would still apply.  */
| #ifdef __cplusplus
| extern "C"
| #endif
| char zlibVersion ();
| int
| main ()
| {
| return zlibVersion ();
|   ;
|   return 0;
| }
configure:14908: g++ -o conftest  -g -DNDEBUG   conftest.cpp -lz   >&5
configure:14908: $? = 0
configure:14925: result: -lz
configure:15176: checking for the pthreads library -lpthreads
configure:15209: gcc -o conftest     conftest.c -lpthreads -lz  >&5
/usr/lib64/gcc/x86_64-suse-linux/4.8/../../../../x86_64-suse-linux/bin/ld: cannot find -lpthreads
collect2: error: ld returned 1 exit status
configure:15209: $? = 1
configure: failed program was:
| /* confdefs.h */
| #define PACKAGE_NAME "Protocol Buffers"
| #define PACKAGE_TARNAME "protobuf"
| #define PACKAGE_VERSION "2.3.0"
| #define PACKAGE_STRING "Protocol Buffers 2.3.0"
| #define PACKAGE_BUGREPORT "protobuf@googlegroups.com"
| #define PACKAGE_URL ""
| #define PACKAGE "protobuf"
| #define VERSION "2.3.0"
| #define STDC_HEADERS 1
| #define HAVE_SYS_TYPES_H 1
| #define HAVE_SYS_STAT_H 1
| #define HAVE_STDLIB_H 1
| #define HAVE_STRING_H 1
| #define HAVE_MEMORY_H 1
| #define HAVE_STRINGS_H 1
| #define HAVE_INTTYPES_H 1
| #define HAVE_STDINT_H 1
| #define HAVE_UNISTD_H 1
| #define __EXTENSIONS__ 1
| #define _ALL_SOURCE 1
| #define _GNU_SOURCE 1
| #define _POSIX_PTHREAD_SEMANTICS 1
| #define _TANDEM_SOURCE 1
| #define HAVE_DLFCN_H 1
| #define LT_OBJDIR ".libs/"
| #define STDC_HEADERS 1
| #define HAVE_FCNTL_H 1
| #define HAVE_INTTYPES_H 1
| #define HAVE_LIMITS_H 1
| #define HAVE_STDLIB_H 1
| #define HAVE_UNISTD_H 1
| #define HAVE_FTRUNCATE 1
| #define HAVE_MEMSET 1
| #define HAVE_MKDIR 1
| #define HAVE_STRCHR 1
| #define HAVE_STRERROR 1
| #define HAVE_STRTOL 1
| #define HAVE_ZLIB 1
| /* end confdefs.h.  */
| #include <pthread.h>
| int
| main ()
| {
| pthread_t th; pthread_join(th, 0);
|                      pthread_attr_init(0); pthread_cleanup_push(0, 0);
|                      pthread_create(0,0,0,0); pthread_cleanup_pop(0);
|   ;
|   return 0;
| }
configure:15218: result: no
configure:15121: checking whether pthreads work without any flags
configure:15209: gcc -o conftest     conftest.c  -lz  >&5
/tmp/ccZwl984.o: In function `main':
conftest.c:(.text+0x18): undefined reference to `pthread_join'
conftest.c:(.text+0x7e): undefined reference to `__pthread_register_cancel'
conftest.c:(.text+0x97): undefined reference to `pthread_create'
conftest.c:(.text+0xa6): undefined reference to `__pthread_unregister_cancel'
collect2: error: ld returned 1 exit status
configure:15209: $? = 1
configure: failed program was:
| /* confdefs.h */
| #define PACKAGE_NAME "Protocol Buffers"
| #define PACKAGE_TARNAME "protobuf"
| #define PACKAGE_VERSION "2.3.0"
| #define PACKAGE_STRING "Protocol Buffers 2.3.0"
| #define PACKAGE_BUGREPORT "protobuf@googlegroups.com"
| #define PACKAGE_URL ""
| #define PACKAGE "protobuf"
| #define VERSION "2.3.0"
| #define STDC_HEADERS 1
| #define HAVE_SYS_TYPES_H 1
| #define HAVE_SYS_STAT_H 1
| #define HAVE_STDLIB_H 1
| #define HAVE_STRING_H 1
| #define HAVE_MEMORY_H 1
| #define HAVE_STRINGS_H 1
| #define HAVE_INTTYPES_H 1
| #define HAVE_STDINT_H 1
| #define HAVE_UNISTD_H 1
| #define __EXTENSIONS__ 1
| #define _ALL_SOURCE 1
| #define _GNU_SOURCE 1
| #define _POSIX_PTHREAD_SEMANTICS 1
| #define _TANDEM_SOURCE 1
| #define HAVE_DLFCN_H 1
| #define LT_OBJDIR ".libs/"
| #define STDC_HEADERS 1
| #define HAVE_FCNTL_H 1
| #define HAVE_INTTYPES_H 1
| #define HAVE_LIMITS_H 1
| #define HAVE_STDLIB_H 1
| #define HAVE_UNISTD_H 1
| #define HAVE_FTRUNCATE 1
| #define HAVE_MEMSET 1
| #define HAVE_MKDIR 1
| #define HAVE_STRCHR 1
| #define HAVE_STRERROR 1
| #define HAVE_STRTOL 1
| #define HAVE_ZLIB 1
| /* end confdefs.h.  */
| #include <pthread.h>
| int
| main ()
| {
| pthread_t th; pthread_join(th, 0);
|                      pthread_attr_init(0); pthread_cleanup_push(0, 0);
|                      pthread_create(0,0,0,0); pthread_cleanup_pop(0);
|   ;
|   return 0;
| }
configure:15218: result: no
configure:15126: checking whether pthreads work with -Kthread
configure:15209: gcc -o conftest  -Kthread   conftest.c  -lz  >&5
gcc: error: unrecognized command line option '-Kthread'
configure:15209: $? = 1
configure: failed program was:
| /* confdefs.h */
| #define PACKAGE_NAME "Protocol Buffers"
| #define PACKAGE_TARNAME "protobuf"
| #define PACKAGE_VERSION "2.3.0"
| #define PACKAGE_STRING "Protocol Buffers 2.3.0"
| #define PACKAGE_BUGREPORT "protobuf@googlegroups.com"
| #define PACKAGE_URL ""
| #define PACKAGE "protobuf"
| #define VERSION "2.3.0"
| #define STDC_HEADERS 1
| #define HAVE_SYS_TYPES_H 1
| #define HAVE_SYS_STAT_H 1
| #define HAVE_STDLIB_H 1
| #define HAVE_STRING_H 1
| #define HAVE_MEMORY_H 1
| #define HAVE_STRINGS_H 1
| #define HAVE_INTTYPES_H 1
| #define HAVE_STDINT_H 1
| #define HAVE_UNISTD_H 1
| #define __EXTENSIONS__ 1
| #define _ALL_SOURCE 1
| #define _GNU_SOURCE 1
| #define _POSIX_PTHREAD_SEMANTICS 1
| #define _TANDEM_SOURCE 1
| #define HAVE_DLFCN_H 1
| #define LT_OBJDIR ".libs/"
| #define STDC_HEADERS 1
| #define HAVE_FCNTL_H 1
| #define HAVE_INTTYPES_H 1
| #define HAVE_LIMITS_H 1
| #define HAVE_STDLIB_H 1
| #define HAVE_UNISTD_H 1
| #define HAVE_FTRUNCATE 1
| #define HAVE_MEMSET 1
| #define HAVE_MKDIR 1
| #define HAVE_STRCHR 1
| #define HAVE_STRERROR 1
| #define HAVE_STRTOL 1
| #define HAVE_ZLIB 1
| /* end confdefs.h.  */
| #include <pthread.h>
| int
| main ()
| {
| pthread_t th; pthread_join(th, 0);
|                      pthread_attr_init(0); pthread_cleanup_push(0, 0);
|                      pthread_create(0,0,0,0); pthread_cleanup_pop(0);
|   ;
|   return 0;
| }
configure:15218: result: no
configure:15126: checking whether pthreads work with -kthread
configure:15209: gcc -o conftest  -kthread   conftest.c  -lz  >&5
gcc: error: unrecognized command line option '-kthread'
configure:15209: $? = 1
configure: failed program was:
| /* confdefs.h */
| #define PACKAGE_NAME "Protocol Buffers"
| #define PACKAGE_TARNAME "protobuf"
| #define PACKAGE_VERSION "2.3.0"
| #define PACKAGE_STRING "Protocol Buffers 2.3.0"
| #define PACKAGE_BUGREPORT "protobuf@googlegroups.com"
| #define PACKAGE_URL ""
| #define PACKAGE "protobuf"
| #define VERSION "2.3.0"
| #define STDC_HEADERS 1
| #define HAVE_SYS_TYPES_H 1
| #define HAVE_SYS_STAT_H 1
| #define HAVE_STDLIB_H 1
| #define HAVE_STRING_H 1
| #define HAVE_MEMORY_H 1
| #define HAVE_STRINGS_H 1
| #define HAVE_INTTYPES_H 1
| #define HAVE_STDINT_H 1
| #define HAVE_UNISTD_H 1
| #define __EXTENSIONS__ 1
| #define _ALL_SOURCE 1
| #define _GNU_SOURCE 1
| #define _POSIX_PTHREAD_SEMANTICS 1
| #define _TANDEM_SOURCE 1
| #define HAVE_DLFCN_H 1
| #define LT_OBJDIR ".libs/"
| #define STDC_HEADERS 1
| #define HAVE_FCNTL_H 1
| #define HAVE_INTTYPES_H 1
| #define HAVE_LIMITS_H 1
| #define HAVE_STDLIB_H 1
| #define HAVE_UNISTD_H 1
| #define HAVE_FTRUNCATE 1
| #define HAVE_MEMSET 1
| #define HAVE_MKDIR 1
| #define HAVE_STRCHR 1
| #define HAVE_STRERROR 1
| #define HAVE_STRTOL 1
| #define HAVE_ZLIB 1
| /* end confdefs.h.  */
| #include <pthread.h>
| int
| main ()
| {
| pthread_t th; pthread_join(th, 0);
|                      pthread_attr_init(0); pthread_cleanup_push(0, 0);
|                      pthread_create(0,0,0,0); pthread_cleanup_pop(0);
|   ;
|   return 0;
| }
configure:15218: result: no
configure:15176: checking for the pthreads library -llthread
configure:15209: gcc -o conftest     conftest.c -llthread -lz  >&5
/usr/lib64/gcc/x86_64-suse-linux/4.8/../../../../x86_64-suse-linux/bin/ld: cannot find -llthread
collect2: error: ld returned 1 exit status
configure:15209: $? = 1
configure: failed program was:
| /* confdefs.h */
| #define PACKAGE_NAME "Protocol Buffers"
| #define PACKAGE_TARNAME "protobuf"
| #define PACKAGE_VERSION "2.3.0"
| #define PACKAGE_STRING "Protocol Buffers 2.3.0"
| #define PACKAGE_BUGREPORT "protobuf@googlegroups.com"
| #define PACKAGE_URL ""
| #define PACKAGE "protobuf"
| #define VERSION "2.3.0"
| #define STDC_HEADERS 1
| #define HAVE_SYS_TYPES_H 1
| #define HAVE_SYS_STAT_H 1
| #define HAVE_STDLIB_H 1
| #define HAVE_STRING_H 1
| #define HAVE_MEMORY_H 1
| #define HAVE_STRINGS_H 1
| #define HAVE_INTTYPES_H 1
| #define HAVE_STDINT_H 1
| #define HAVE_UNISTD_H 1
| #define __EXTENSIONS__ 1
| #define _ALL_SOURCE 1
| #define _GNU_SOURCE 1
| #define _POSIX_PTHREAD_SEMANTICS 1
| #define _TANDEM_SOURCE 1
| #define HAVE_DLFCN_H 1
| #define LT_OBJDIR ".libs/"
| #define STDC_HEADERS 1
| #define HAVE_FCNTL_H 1
| #define HAVE_INTTYPES_H 1
| #define HAVE_LIMITS_H 1
| #define HAVE_STDLIB_H 1
| #define HAVE_UNISTD_H 1
| #define HAVE_FTRUNCATE 1
| #define HAVE_MEMSET 1
| #define HAVE_MKDIR 1
| #define HAVE_STRCHR 1
| #define HAVE_STRERROR 1
| #define HAVE_STRTOL 1
| #define HAVE_ZLIB 1
| /* end confdefs.h.  */
| #include <pthread.h>
| int
| main ()
| {
| pthread_t th; pthread_join(th, 0);
|                      pthread_attr_init(0); pthread_cleanup_push(0, 0);
|                      pthread_create(0,0,0,0); pthread_cleanup_pop(0);
|   ;
|   return 0;
| }
configure:15218: result: no
configure:15126: checking whether pthreads work with -pthread
configure:15209: gcc -o conftest  -pthread   conftest.c  -lz  >&5
configure:15209: $? = 0
configure:15218: result: yes
configure:15237: checking for joinable pthread attribute
configure:15252: gcc -o conftest  -pthread   conftest.c  -lz  >&5
configure:15252: $? = 0
configure:15258: result: PTHREAD_CREATE_JOINABLE
configure:15268: checking if more special flags are required for pthreads
configure:15275: result: no
configure:15364: checking whether to check for GCC pthread/shared inconsistencies
configure:15377: gcc -o conftest -shared -fPIC -Wl,-z,defs  -pthread   conftest.c  -lz  >&5
configure:15377: $? = 0
configure:15389: result: yes
configure:15395: checking whether -pthread is sufficient with -shared
configure:15410: gcc -o conftest -shared -fPIC -Wl,-z,defs  -pthread   conftest.c  -lz  >&5
configure:15410: $? = 0
configure:15417: result: yes
configure:15533: checking the location of hash_map
configure:15567: g++ -c  -g -DNDEBUG  conftest.cpp >&5
configure:15567: $? = 0
configure:15611: result: <tr1/unordered_map>
configure:15775: creating ./config.status

## ---------------- ##
## Cache variables. ##
## ---------------- ##

ac_cv_build=x86_64-unknown-linux-gnu
ac_cv_c_compiler_gnu=yes
ac_cv_cxx_compiler_gnu=yes
ac_cv_cxx_hash_map_class=unordered_map
ac_cv_cxx_hash_map_header='<tr1/unordered_map>'
ac_cv_cxx_hash_namespace=std::tr1
ac_cv_cxx_hash_set_class=unordered_set
ac_cv_cxx_hash_set_header='<tr1/unordered_set>'
ac_cv_env_CCC_set=
ac_cv_env_CCC_value=
ac_cv_env_CC_set=
ac_cv_env_CC_value=
ac_cv_env_CFLAGS_set=
ac_cv_env_CFLAGS_value=
ac_cv_env_CPPFLAGS_set=
ac_cv_env_CPPFLAGS_value=
ac_cv_env_CXXCPP_set=
ac_cv_env_CXXCPP_value=
ac_cv_env_CXXFLAGS_set=
ac_cv_env_CXXFLAGS_value=
ac_cv_env_CXX_set=
ac_cv_env_CXX_value=
ac_cv_env_LDFLAGS_set=
ac_cv_env_LDFLAGS_value=
ac_cv_env_LIBS_set=
ac_cv_env_LIBS_value=
ac_cv_env_build_alias_set=
ac_cv_env_build_alias_value=
ac_cv_env_host_alias_set=
ac_cv_env_host_alias_value=
ac_cv_env_target_alias_set=
ac_cv_env_target_alias_value=
ac_cv_func_ftruncate=yes
ac_cv_func_memcmp_working=yes
ac_cv_func_memset=yes
ac_cv_func_mkdir=yes
ac_cv_func_strchr=yes
ac_cv_func_strerror=yes
ac_cv_func_strtod=yes
ac_cv_func_strtol=yes
ac_cv_have_decl___SUNPRO_CC=no
ac_cv_header_dlfcn_h=yes
ac_cv_header_fcntl_h=yes
ac_cv_header_inttypes_h=yes
ac_cv_header_limits_h=yes
ac_cv_header_memory_h=yes
ac_cv_header_minix_config_h=no
ac_cv_header_stdc=yes
ac_cv_header_stdint_h=yes
ac_cv_header_stdlib_h=yes
ac_cv_header_string_h=yes
ac_cv_header_strings_h=yes
ac_cv_header_sys_stat_h=yes
ac_cv_header_sys_types_h=yes
ac_cv_header_unistd_h=yes
ac_cv_host=x86_64-unknown-linux-gnu
ac_cv_objext=o
ac_cv_path_EGREP='/usr/bin/grep -E'
ac_cv_path_FGREP='/usr/bin/grep -F'
ac_cv_path_GREP=/usr/bin/grep
ac_cv_path_SED=/usr/bin/sed
ac_cv_path_install='/usr/bin/install -c'
ac_cv_path_mkdir=/usr/bin/mkdir
ac_cv_prog_AWK=gawk
ac_cv_prog_CXXCPP='g++ -E'
ac_cv_prog_ac_ct_AR=ar
ac_cv_prog_ac_ct_CC=gcc
ac_cv_prog_ac_ct_CXX=g++
ac_cv_prog_ac_ct_RANLIB=ranlib
ac_cv_prog_ac_ct_STRIP=strip
ac_cv_prog_cc_c89=
ac_cv_prog_cc_g=yes
ac_cv_prog_cxx_g=yes
ac_cv_prog_make_make_set=yes
ac_cv_safe_to_define___extensions__=yes
ac_cv_search_zlibVersion=-lz
ac_cv_target=x86_64-unknown-linux-gnu
am_cv_CC_dependencies_compiler_type=gcc3
am_cv_CXX_dependencies_compiler_type=gcc3
lt_cv_deplibs_check_method=pass_all
lt_cv_file_magic_cmd='$MAGIC_CMD'
lt_cv_file_magic_test_file=
lt_cv_ld_reload_flag=-r
lt_cv_nm_interface='BSD nm'
lt_cv_objdir=.libs
lt_cv_path_LD=/usr/x86_64-suse-linux/bin/ld
lt_cv_path_LDCXX='/usr/x86_64-suse-linux/bin/ld -m elf_x86_64'
lt_cv_path_NM='/usr/bin/nm -B'
lt_cv_prog_compiler_c_o=yes
lt_cv_prog_compiler_c_o_CXX=yes
lt_cv_prog_compiler_pic_works=yes
lt_cv_prog_compiler_pic_works_CXX=yes
lt_cv_prog_compiler_rtti_exceptions=no
lt_cv_prog_compiler_static_works=no
lt_cv_prog_compiler_static_works_CXX=no
lt_cv_prog_gnu_ld=yes
lt_cv_prog_gnu_ldcxx=yes
lt_cv_sys_global_symbol_pipe='sed -n -e '\''s/^.*[	 ]\([ABCDGIRSTW][ABCDGIRSTW]*\)[	 ][	 ]*\([_A-Za-z][_A-Za-z0-9]*\)$/\1 \2 \2/p'\'''
lt_cv_sys_global_symbol_to_c_name_address='sed -n -e '\''s/^: \([^ ]*\) $/  {\"\1\", (void *) 0},/p'\'' -e '\''s/^[ABCDGIRSTW]* \([^ ]*\) \([^ ]*\)$/  {"\2", (void *) \&\2},/p'\'''
lt_cv_sys_global_symbol_to_c_name_address_lib_prefix='sed -n -e '\''s/^: \([^ ]*\) $/  {\"\1\", (void *) 0},/p'\'' -e '\''s/^[ABCDGIRSTW]* \([^ ]*\) \(lib[^ ]*\)$/  {"\2", (void *) \&\2},/p'\'' -e '\''s/^[ABCDGIRSTW]* \([^ ]*\) \([^ ]*\)$/  {"lib\2", (void *) \&\2},/p'\'''
lt_cv_sys_global_symbol_to_cdecl='sed -n -e '\''s/^T .* \(.*\)$/extern int \1();/p'\'' -e '\''s/^[ABCDGIRSTW]* .* \(.*\)$/extern char \1;/p'\'''
lt_cv_sys_max_cmd_len=1572864

## ----------------- ##
## Output variables. ##
## ----------------- ##

ACLOCAL='${SHELL} /home/DES-PWE/open/lib/protobuf/protobuf-2.3.0/missing --run aclocal-1.10'
AMDEPBACKSLASH='\'
AMDEP_FALSE='#'
AMDEP_TRUE=''
AMTAR='${SHELL} /home/DES-PWE/open/lib/protobuf/protobuf-2.3.0/missing --run tar'
AR='ar'
AUTOCONF='${SHELL} /home/DES-PWE/open/lib/protobuf/protobuf-2.3.0/missing --run autoconf'
AUTOHEADER='${SHELL} /home/DES-PWE/open/lib/protobuf/protobuf-2.3.0/missing --run autoheader'
AUTOMAKE='${SHELL} /home/DES-PWE/open/lib/protobuf/protobuf-2.3.0/missing --run automake-1.10'
AWK='gawk'
CC='gcc'
CCDEPMODE='depmode=gcc3'
CFLAGS=''
CPPFLAGS=''
CXX='g++'
CXXCPP='g++ -E'
CXXDEPMODE='depmode=gcc3'
CXXFLAGS=' -g -DNDEBUG'
CYGPATH_W='echo'
DEFS='-DHAVE_CONFIG_H'
DEPDIR='.deps'
DSYMUTIL=''
DUMPBIN=''
ECHO_C=''
ECHO_N='-n'
ECHO_T=''
EGREP='/usr/bin/grep -E'
EXEEXT=''
FGREP='/usr/bin/grep -F'
GCC_FALSE='#'
GCC_TRUE=''
GREP='/usr/bin/grep'
HAVE_ZLIB_FALSE='#'
HAVE_ZLIB_TRUE=''
INSTALL_DATA='${INSTALL} -m 644'
INSTALL_PROGRAM='${INSTALL}'
INSTALL_SCRIPT='${INSTALL}'
INSTALL_STRIP_PROGRAM='$(install_sh) -c -s'
ISAINFO=''
LD='/usr/x86_64-suse-linux/bin/ld -m elf_x86_64'
LDFLAGS=''
LIBOBJS=''
LIBS='-lz '
LIBTOOL='$(SHELL) $(top_builddir)/libtool'
LIPO=''
LN_S='ln -s'
LTLIBOBJS=''
MAKEINFO='${SHELL} /home/DES-PWE/open/lib/protobuf/protobuf-2.3.0/missing --run makeinfo'
MKDIR_P='/usr/bin/mkdir -p'
NM='/usr/bin/nm -B'
NMEDIT=''
OBJEXT='o'
OTOOL64=''
OTOOL=''
PACKAGE='protobuf'
PACKAGE_BUGREPORT='protobuf@googlegroups.com'
PACKAGE_NAME='Protocol Buffers'
PACKAGE_STRING='Protocol Buffers 2.3.0'
PACKAGE_TARNAME='protobuf'
PACKAGE_URL=''
PACKAGE_VERSION='2.3.0'
PATH_SEPARATOR=':'
POW_LIB=''
PROTOBUF_OPT_FLAG='-O2'
PROTOC=''
PTHREAD_CC='gcc'
PTHREAD_CFLAGS='-pthread'
PTHREAD_LIBS=''
RANLIB='ranlib'
SED='/usr/bin/sed'
SET_MAKE=''
SHELL='/bin/sh'
STRIP='strip'
USE_EXTERNAL_PROTOC_FALSE=''
USE_EXTERNAL_PROTOC_TRUE='#'
VERSION='2.3.0'
ac_ct_CC='gcc'
ac_ct_CXX='g++'
ac_ct_DUMPBIN=''
acx_pthread_config=''
am__fastdepCC_FALSE='#'
am__fastdepCC_TRUE=''
am__fastdepCXX_FALSE='#'
am__fastdepCXX_TRUE=''
am__include='include'
am__isrc=''
am__leading_dot='.'
am__quote=''
am__tar='${AMTAR} chof - "$$tardir"'
am__untar='${AMTAR} xf -'
bindir='${exec_prefix}/bin'
build='x86_64-unknown-linux-gnu'
build_alias=''
build_cpu='x86_64'
build_os='linux-gnu'
build_vendor='unknown'
datadir='${datarootdir}'
datarootdir='${prefix}/share'
docdir='${datarootdir}/doc/${PACKAGE_TARNAME}'
dvidir='${docdir}'
exec_prefix='${prefix}'
host='x86_64-unknown-linux-gnu'
host_alias=''
host_cpu='x86_64'
host_os='linux-gnu'
host_vendor='unknown'
htmldir='${docdir}'
includedir='/usr/include'
infodir='${datarootdir}/info'
install_sh='$(SHELL) /home/DES-PWE/open/lib/protobuf/protobuf-2.3.0/install-sh'
libdir='/usr/lib64'
libexecdir='${exec_prefix}/libexec'
localedir='${datarootdir}/locale'
localstatedir='${prefix}/var'
lt_ECHO='echo'
mandir='${datarootdir}/man'
mkdir_p='/usr/bin/mkdir -p'
oldincludedir='/usr/include'
pdfdir='${docdir}'
prefix='/usr/local'
program_transform_name='s,x,x,'
psdir='${docdir}'
sbindir='${exec_prefix}/sbin'
sharedstatedir='${prefix}/com'
subdirs=' gtest'
sysconfdir='${prefix}/etc'
target='x86_64-unknown-linux-gnu'
target_alias=''
target_cpu='x86_64'
target_os='linux-gnu'
target_vendor='unknown'

## ----------- ##
## confdefs.h. ##
## ----------- ##

/* confdefs.h */
#define PACKAGE_NAME "Protocol Buffers"
#define PACKAGE_TARNAME "protobuf"
#define PACKAGE_VERSION "2.3.0"
#define PACKAGE_STRING "Protocol Buffers 2.3.0"
#define PACKAGE_BUGREPORT "protobuf@googlegroups.com"
#define PACKAGE_URL ""
#define PACKAGE "protobuf"
#define VERSION "2.3.0"
#define STDC_HEADERS 1
#define HAVE_SYS_TYPES_H 1
#define HAVE_SYS_STAT_H 1
#define HAVE_STDLIB_H 1
#define HAVE_STRING_H 1
#define HAVE_MEMORY_H 1
#define HAVE_STRINGS_H 1
#define HAVE_INTTYPES_H 1
#define HAVE_STDINT_H 1
#define HAVE_UNISTD_H 1
#define __EXTENSIONS__ 1
#define _ALL_SOURCE 1
#define _GNU_SOURCE 1
#define _POSIX_PTHREAD_SEMANTICS 1
#define _TANDEM_SOURCE 1
#define HAVE_DLFCN_H 1
#define LT_OBJDIR ".libs/"
#define STDC_HEADERS 1
#define HAVE_FCNTL_H 1
#define HAVE_INTTYPES_H 1
#define HAVE_LIMITS_H 1
#define HAVE_STDLIB_H 1
#define HAVE_UNISTD_H 1
#define HAVE_FTRUNCATE 1
#define HAVE_MEMSET 1
#define HAVE_MKDIR 1
#define HAVE_STRCHR 1
#define HAVE_STRERROR 1
#define HAVE_STRTOL 1
#define HAVE_ZLIB 1
#define HAVE_PTHREAD 1
#define HAVE_HASH_MAP 1
#define HAVE_HASH_SET 1
#define HASH_MAP_H <tr1/unordered_map>
#define HASH_SET_H <tr1/unordered_set>
#define HASH_MAP_CLASS unordered_map
#define HASH_SET_CLASS unordered_set
#define HASH_NAMESPACE std::tr1

configure: exit 0

## ---------------------- ##
## Running config.status. ##
## ---------------------- ##

This file was extended by Protocol Buffers config.status 2.3.0, which was
generated by GNU Autoconf 2.69.  Invocation command line was

  CONFIG_FILES    = 
  CONFIG_HEADERS  = 
  CONFIG_LINKS    = 
  CONFIG_COMMANDS = 
  $ ./config.status 

on 01aebb9e9793

config.status:1164: creating Makefile
config.status:1164: creating src/Makefile
config.status:1164: creating protobuf.pc
config.status:1164: creating protobuf-lite.pc
config.status:1164: creating config.h
config.status:1345: config.h is unchanged
config.status:1393: executing depfiles commands
config.status:1393: executing libtool commands

## ---------------------- ##
## Running config.status. ##
## ---------------------- ##

This file was extended by Protocol Buffers config.status 2.3.0, which was
generated by GNU Autoconf 2.69.  Invocation command line was

  CONFIG_FILES    = 
  CONFIG_HEADERS  = 
  CONFIG_LINKS    = 
  CONFIG_COMMANDS = 
  $ ./config.status config.h

on 01aebb9e9793

config.status:1164: creating config.h
config.status:1345: config.h is unchanged
